2022-10-17 00:13:25.512  INFO 40040 --- [SpringApplicationShutdownHook] j.LocalContainerEntityManagerFactoryBean : Closing JPA EntityManagerFactory for persistence unit 'default'
2022-10-17 00:13:25.522  INFO 40040 --- [SpringApplicationShutdownHook] .SchemaDropperImpl$DelayedDropActionImpl : HHH000477: Starting delayed evictData of schema as part of SessionFactory shut-down'
2022-10-17 00:13:25.535  INFO 40040 --- [SpringApplicationShutdownHook] com.zaxxer.hikari.HikariDataSource       : HikariPool-1 - Shutdown initiated...
2022-10-17 00:13:25.537  INFO 40040 --- [SpringApplicationShutdownHook] com.zaxxer.hikari.HikariDataSource       : HikariPool-1 - Shutdown completed.
2022-10-17 01:06:55.014  INFO 11316 --- [main] com.starwar.api.StarwarapiApplication    : Starting StarwarapiApplication using Java 1.8.0_74 on DVCGNH6112478 with PID 11316 (C:\TestProjects\starwarapi\target\classes started by SCHUNDAW in C:\TestProjects\starwarapi)
2022-10-17 01:06:55.032  INFO 11316 --- [main] com.starwar.api.StarwarapiApplication    : No active profile set, falling back to 1 default profile: "default"
2022-10-17 01:06:57.352  INFO 11316 --- [main] i.g.r.utils.RxJava2OnClasspathCondition  : RxJava2 related Aspect extensions are not activated, because RxJava2 is not on the classpath.
2022-10-17 01:06:57.355  INFO 11316 --- [main] i.g.r.utils.ReactorOnClasspathCondition  : Reactor related Aspect extensions are not activated because Reactor is not on the classpath.
2022-10-17 01:06:57.398  INFO 11316 --- [main] i.g.r.utils.RxJava2OnClasspathCondition  : RxJava2 related Aspect extensions are not activated, because RxJava2 is not on the classpath.
2022-10-17 01:06:57.399  INFO 11316 --- [main] i.g.r.utils.ReactorOnClasspathCondition  : Reactor related Aspect extensions are not activated because Reactor is not on the classpath.
2022-10-17 01:06:57.464  INFO 11316 --- [main] i.g.r.utils.RxJava2OnClasspathCondition  : RxJava2 related Aspect extensions are not activated, because RxJava2 is not on the classpath.
2022-10-17 01:06:57.465  INFO 11316 --- [main] i.g.r.utils.ReactorOnClasspathCondition  : Reactor related Aspect extensions are not activated because Reactor is not on the classpath.
2022-10-17 01:06:57.508  INFO 11316 --- [main] i.g.r.utils.RxJava2OnClasspathCondition  : RxJava2 related Aspect extensions are not activated, because RxJava2 is not on the classpath.
2022-10-17 01:06:57.509  INFO 11316 --- [main] i.g.r.utils.ReactorOnClasspathCondition  : Reactor related Aspect extensions are not activated because Reactor is not on the classpath.
2022-10-17 01:06:57.549  INFO 11316 --- [main] i.g.r.utils.RxJava2OnClasspathCondition  : RxJava2 related Aspect extensions are not activated, because RxJava2 is not on the classpath.
2022-10-17 01:06:57.550  INFO 11316 --- [main] i.g.r.utils.ReactorOnClasspathCondition  : Reactor related Aspect extensions are not activated because Reactor is not on the classpath.
2022-10-17 01:06:57.624  INFO 11316 --- [main] i.g.r.utils.RxJava2OnClasspathCondition  : RxJava2 related Aspect extensions are not activated, because RxJava2 is not on the classpath.
2022-10-17 01:06:57.625  INFO 11316 --- [main] i.g.r.utils.ReactorOnClasspathCondition  : Reactor related Aspect extensions are not activated because Reactor is not on the classpath.
2022-10-17 01:06:57.957  INFO 11316 --- [main] .s.d.r.c.RepositoryConfigurationDelegate : Bootstrapping Spring Data JPA repositories in DEFAULT mode.
2022-10-17 01:06:58.105  INFO 11316 --- [main] .s.d.r.c.RepositoryConfigurationDelegate : Finished Spring Data repository scanning in 128 ms. Found 3 JPA repository interfaces.
2022-10-17 01:07:00.622  INFO 11316 --- [main] o.s.b.w.embedded.tomcat.TomcatWebServer  : Tomcat initialized with port(s): 8086 (http)
2022-10-17 01:07:00.645  INFO 11316 --- [main] o.apache.catalina.core.StandardService   : Starting service [Tomcat]
2022-10-17 01:07:00.646  INFO 11316 --- [main] org.apache.catalina.core.StandardEngine  : Starting Servlet engine: [Apache Tomcat/9.0.65]
2022-10-17 01:07:01.026  INFO 11316 --- [main] o.a.c.c.C.[Tomcat].[localhost].[/]       : Initializing Spring embedded WebApplicationContext
2022-10-17 01:07:01.027  INFO 11316 --- [main] w.s.c.ServletWebServerApplicationContext : Root WebApplicationContext: initialization completed in 5769 ms
2022-10-17 01:07:01.214  WARN 11316 --- [main] JpaBaseConfiguration$JpaWebConfiguration : spring.jpa.open-in-view is enabled by default. Therefore, database queries may be performed during view rendering. Explicitly configure spring.jpa.open-in-view to disable this warning
2022-10-17 01:07:01.580  INFO 11316 --- [main] com.zaxxer.hikari.HikariDataSource       : HikariPool-1 - Starting...
2022-10-17 01:07:02.082  INFO 11316 --- [main] com.zaxxer.hikari.HikariDataSource       : HikariPool-1 - Start completed.
2022-10-17 01:07:02.212  INFO 11316 --- [main] o.hibernate.jpa.internal.util.LogHelper  : HHH000204: Processing PersistenceUnitInfo [name: default]
2022-10-17 01:07:02.357  INFO 11316 --- [main] org.hibernate.Version                    : HHH000412: Hibernate ORM core version 5.6.10.Final
2022-10-17 01:07:02.849  INFO 11316 --- [main] o.hibernate.annotations.common.Version   : HCANN000001: Hibernate Commons Annotations {5.1.2.Final}
2022-10-17 01:07:03.155  INFO 11316 --- [main] org.hibernate.dialect.Dialect            : HHH000400: Using dialect: org.hibernate.dialect.H2Dialect
2022-10-17 01:07:04.851  INFO 11316 --- [main] o.h.e.t.j.p.i.JtaPlatformInitiator       : HHH000490: Using JtaPlatform implementation: [org.hibernate.engine.transaction.jta.platform.internal.NoJtaPlatform]
2022-10-17 01:07:04.869  INFO 11316 --- [main] j.LocalContainerEntityManagerFactoryBean : Initialized JPA EntityManagerFactory for persistence unit 'default'
2022-10-17 01:07:05.460  INFO 11316 --- [main] o.s.b.a.h2.H2ConsoleAutoConfiguration    : H2 console available at '/h2-console'. Database available at 'jdbc:h2:mem:starwar'
2022-10-17 01:07:05.635  INFO 11316 --- [main] o.s.boot.web.servlet.RegistrationBean    : Servlet webServlet was not registered (possibly already registered?)
2022-10-17 01:07:07.881  INFO 11316 --- [main] o.s.s.web.DefaultSecurityFilterChain     : Will secure any request with [org.springframework.security.web.context.request.async.WebAsyncManagerIntegrationFilter@1e5c765, org.springframework.security.web.context.SecurityContextPersistenceFilter@a033b8, org.springframework.security.web.header.HeaderWriterFilter@563809, org.springframework.security.web.authentication.logout.LogoutFilter@7d8613, com.starwar.api.security.JwtTokenFilter@1188050, org.springframework.security.web.savedrequest.RequestCacheAwareFilter@a0c99c, org.springframework.security.web.servletapi.SecurityContextHolderAwareRequestFilter@18e1bf5, org.springframework.security.web.authentication.AnonymousAuthenticationFilter@1aa621b, org.springframework.security.web.session.SessionManagementFilter@a7ea7c, org.springframework.security.web.access.ExceptionTranslationFilter@1e0f380, org.springframework.security.web.access.intercept.FilterSecurityInterceptor@820978]
2022-10-17 01:07:10.236  INFO 11316 --- [main] o.s.b.a.e.web.EndpointLinksResolver      : Exposing 1 endpoint(s) beneath base path '/actuator'
2022-10-17 01:07:10.348  INFO 11316 --- [main] o.s.b.w.embedded.tomcat.TomcatWebServer  : Tomcat started on port(s): 8086 (http) with context path ''
2022-10-17 01:07:10.363  INFO 11316 --- [main] com.starwar.api.StarwarapiApplication    : Started StarwarapiApplication in 16.354 seconds (JVM running for 17.692)
2022-10-17 01:10:08.190  INFO 11316 --- [SpringApplicationShutdownHook] j.LocalContainerEntityManagerFactoryBean : Closing JPA EntityManagerFactory for persistence unit 'default'
2022-10-17 01:10:08.191  INFO 11316 --- [SpringApplicationShutdownHook] .SchemaDropperImpl$DelayedDropActionImpl : HHH000477: Starting delayed evictData of schema as part of SessionFactory shut-down'
2022-10-17 01:10:08.207  INFO 11316 --- [SpringApplicationShutdownHook] com.zaxxer.hikari.HikariDataSource       : HikariPool-1 - Shutdown initiated...
2022-10-17 01:10:08.211  INFO 11316 --- [SpringApplicationShutdownHook] com.zaxxer.hikari.HikariDataSource       : HikariPool-1 - Shutdown completed.
2022-10-17 13:12:26.391  INFO 23564 --- [main] com.starwar.api.StarwarapiApplication    : Starting StarwarapiApplication using Java 1.8.0_74 on DVCGNH6112478 with PID 23564 (C:\TestProjects\starwarapi\target\classes started by SCHUNDAW in C:\TestProjects\starwarapi)
2022-10-17 13:12:26.399  INFO 23564 --- [main] com.starwar.api.StarwarapiApplication    : No active profile set, falling back to 1 default profile: "default"
2022-10-17 13:12:28.050  INFO 23564 --- [main] i.g.r.utils.RxJava2OnClasspathCondition  : RxJava2 related Aspect extensions are not activated, because RxJava2 is not on the classpath.
2022-10-17 13:12:28.052  INFO 23564 --- [main] i.g.r.utils.ReactorOnClasspathCondition  : Reactor related Aspect extensions are not activated because Reactor is not on the classpath.
2022-10-17 13:12:28.083  INFO 23564 --- [main] i.g.r.utils.RxJava2OnClasspathCondition  : RxJava2 related Aspect extensions are not activated, because RxJava2 is not on the classpath.
2022-10-17 13:12:28.084  INFO 23564 --- [main] i.g.r.utils.ReactorOnClasspathCondition  : Reactor related Aspect extensions are not activated because Reactor is not on the classpath.
2022-10-17 13:12:28.131  INFO 23564 --- [main] i.g.r.utils.RxJava2OnClasspathCondition  : RxJava2 related Aspect extensions are not activated, because RxJava2 is not on the classpath.
2022-10-17 13:12:28.132  INFO 23564 --- [main] i.g.r.utils.ReactorOnClasspathCondition  : Reactor related Aspect extensions are not activated because Reactor is not on the classpath.
2022-10-17 13:12:28.159  INFO 23564 --- [main] i.g.r.utils.RxJava2OnClasspathCondition  : RxJava2 related Aspect extensions are not activated, because RxJava2 is not on the classpath.
2022-10-17 13:12:28.160  INFO 23564 --- [main] i.g.r.utils.ReactorOnClasspathCondition  : Reactor related Aspect extensions are not activated because Reactor is not on the classpath.
2022-10-17 13:12:28.185  INFO 23564 --- [main] i.g.r.utils.RxJava2OnClasspathCondition  : RxJava2 related Aspect extensions are not activated, because RxJava2 is not on the classpath.
2022-10-17 13:12:28.186  INFO 23564 --- [main] i.g.r.utils.ReactorOnClasspathCondition  : Reactor related Aspect extensions are not activated because Reactor is not on the classpath.
2022-10-17 13:12:28.205  INFO 23564 --- [main] i.g.r.utils.RxJava2OnClasspathCondition  : RxJava2 related Aspect extensions are not activated, because RxJava2 is not on the classpath.
2022-10-17 13:12:28.206  INFO 23564 --- [main] i.g.r.utils.ReactorOnClasspathCondition  : Reactor related Aspect extensions are not activated because Reactor is not on the classpath.
2022-10-17 13:12:28.531  INFO 23564 --- [main] .s.d.r.c.RepositoryConfigurationDelegate : Bootstrapping Spring Data JPA repositories in DEFAULT mode.
2022-10-17 13:12:28.711  INFO 23564 --- [main] .s.d.r.c.RepositoryConfigurationDelegate : Finished Spring Data repository scanning in 162 ms. Found 3 JPA repository interfaces.
2022-10-17 13:12:31.034  INFO 23564 --- [main] o.s.b.w.embedded.tomcat.TomcatWebServer  : Tomcat initialized with port(s): 8086 (http)
2022-10-17 13:12:31.054  INFO 23564 --- [main] o.apache.catalina.core.StandardService   : Starting service [Tomcat]
2022-10-17 13:12:31.055  INFO 23564 --- [main] org.apache.catalina.core.StandardEngine  : Starting Servlet engine: [Apache Tomcat/9.0.65]
2022-10-17 13:12:31.415  INFO 23564 --- [main] o.a.c.c.C.[Tomcat].[localhost].[/]       : Initializing Spring embedded WebApplicationContext
2022-10-17 13:12:31.416  INFO 23564 --- [main] w.s.c.ServletWebServerApplicationContext : Root WebApplicationContext: initialization completed in 4882 ms
2022-10-17 13:12:31.591  WARN 23564 --- [main] JpaBaseConfiguration$JpaWebConfiguration : spring.jpa.open-in-view is enabled by default. Therefore, database queries may be performed during view rendering. Explicitly configure spring.jpa.open-in-view to disable this warning
2022-10-17 13:12:31.921  INFO 23564 --- [main] com.zaxxer.hikari.HikariDataSource       : HikariPool-1 - Starting...
2022-10-17 13:12:32.428  INFO 23564 --- [main] com.zaxxer.hikari.HikariDataSource       : HikariPool-1 - Start completed.
2022-10-17 13:12:32.542  INFO 23564 --- [main] o.hibernate.jpa.internal.util.LogHelper  : HHH000204: Processing PersistenceUnitInfo [name: default]
2022-10-17 13:12:32.713  INFO 23564 --- [main] org.hibernate.Version                    : HHH000412: Hibernate ORM core version 5.6.10.Final
2022-10-17 13:12:33.188  INFO 23564 --- [main] o.hibernate.annotations.common.Version   : HCANN000001: Hibernate Commons Annotations {5.1.2.Final}
2022-10-17 13:12:33.486  INFO 23564 --- [main] org.hibernate.dialect.Dialect            : HHH000400: Using dialect: org.hibernate.dialect.H2Dialect
2022-10-17 13:12:35.109  INFO 23564 --- [main] o.h.e.t.j.p.i.JtaPlatformInitiator       : HHH000490: Using JtaPlatform implementation: [org.hibernate.engine.transaction.jta.platform.internal.NoJtaPlatform]
2022-10-17 13:12:35.128  INFO 23564 --- [main] j.LocalContainerEntityManagerFactoryBean : Initialized JPA EntityManagerFactory for persistence unit 'default'
2022-10-17 13:12:35.686  INFO 23564 --- [main] o.s.b.a.h2.H2ConsoleAutoConfiguration    : H2 console available at '/h2-console'. Database available at 'jdbc:h2:mem:starwar'
2022-10-17 13:12:35.865  INFO 23564 --- [main] o.s.boot.web.servlet.RegistrationBean    : Servlet webServlet was not registered (possibly already registered?)
2022-10-17 13:12:37.977  INFO 23564 --- [main] o.s.s.web.DefaultSecurityFilterChain     : Will secure any request with [org.springframework.security.web.context.request.async.WebAsyncManagerIntegrationFilter@1e3de36, org.springframework.security.web.context.SecurityContextPersistenceFilter@4ae53d, org.springframework.security.web.header.HeaderWriterFilter@1575bcd, org.springframework.security.web.authentication.logout.LogoutFilter@db2c7b, com.starwar.api.security.JwtTokenFilter@e33c2, org.springframework.security.web.savedrequest.RequestCacheAwareFilter@2fe17b, org.springframework.security.web.servletapi.SecurityContextHolderAwareRequestFilter@16054b7, org.springframework.security.web.authentication.AnonymousAuthenticationFilter@3eb4e, org.springframework.security.web.session.SessionManagementFilter@68c0ea, org.springframework.security.web.access.ExceptionTranslationFilter@1a0c261, org.springframework.security.web.access.intercept.FilterSecurityInterceptor@1df0e9]
2022-10-17 13:12:39.938  INFO 23564 --- [main] o.s.b.a.e.web.EndpointLinksResolver      : Exposing 1 endpoint(s) beneath base path '/actuator'
2022-10-17 13:12:40.065  INFO 23564 --- [main] o.s.b.w.embedded.tomcat.TomcatWebServer  : Tomcat started on port(s): 8086 (http) with context path ''
2022-10-17 13:12:40.081  INFO 23564 --- [main] com.starwar.api.StarwarapiApplication    : Started StarwarapiApplication in 14.772 seconds (JVM running for 15.771)
2022-10-17 13:13:12.146  INFO 23564 --- [http-nio-8086-exec-1] o.a.c.c.C.[Tomcat].[localhost].[/]       : Initializing Spring DispatcherServlet 'dispatcherServlet'
2022-10-17 13:13:12.148  INFO 23564 --- [http-nio-8086-exec-1] o.s.web.servlet.DispatcherServlet        : Initializing Servlet 'dispatcherServlet'
2022-10-17 13:13:12.159  INFO 23564 --- [http-nio-8086-exec-1] o.s.web.servlet.DispatcherServlet        : Completed initialization in 7 ms
2022-10-17 13:23:02.582  INFO 23564 --- [SpringApplicationShutdownHook] j.LocalContainerEntityManagerFactoryBean : Closing JPA EntityManagerFactory for persistence unit 'default'
2022-10-17 13:23:02.583  INFO 23564 --- [SpringApplicationShutdownHook] .SchemaDropperImpl$DelayedDropActionImpl : HHH000477: Starting delayed evictData of schema as part of SessionFactory shut-down'
2022-10-17 13:23:02.598  INFO 23564 --- [SpringApplicationShutdownHook] com.zaxxer.hikari.HikariDataSource       : HikariPool-1 - Shutdown initiated...
2022-10-17 13:23:02.607  INFO 23564 --- [SpringApplicationShutdownHook] com.zaxxer.hikari.HikariDataSource       : HikariPool-1 - Shutdown completed.
2022-10-17 13:23:16.698  INFO 1908 --- [main] com.starwar.api.StarwarapiApplication    : Starting StarwarapiApplication using Java 1.8.0_74 on DVCGNH6112478 with PID 1908 (C:\TestProjects\starwarapi\target\classes started by SCHUNDAW in C:\TestProjects\starwarapi)
2022-10-17 13:23:16.703  INFO 1908 --- [main] com.starwar.api.StarwarapiApplication    : No active profile set, falling back to 1 default profile: "default"
2022-10-17 13:23:18.153  INFO 1908 --- [main] i.g.r.utils.RxJava2OnClasspathCondition  : RxJava2 related Aspect extensions are not activated, because RxJava2 is not on the classpath.
2022-10-17 13:23:18.155  INFO 1908 --- [main] i.g.r.utils.ReactorOnClasspathCondition  : Reactor related Aspect extensions are not activated because Reactor is not on the classpath.
2022-10-17 13:23:18.180  INFO 1908 --- [main] i.g.r.utils.RxJava2OnClasspathCondition  : RxJava2 related Aspect extensions are not activated, because RxJava2 is not on the classpath.
2022-10-17 13:23:18.181  INFO 1908 --- [main] i.g.r.utils.ReactorOnClasspathCondition  : Reactor related Aspect extensions are not activated because Reactor is not on the classpath.
2022-10-17 13:23:18.218  INFO 1908 --- [main] i.g.r.utils.RxJava2OnClasspathCondition  : RxJava2 related Aspect extensions are not activated, because RxJava2 is not on the classpath.
2022-10-17 13:23:18.218  INFO 1908 --- [main] i.g.r.utils.ReactorOnClasspathCondition  : Reactor related Aspect extensions are not activated because Reactor is not on the classpath.
2022-10-17 13:23:18.243  INFO 1908 --- [main] i.g.r.utils.RxJava2OnClasspathCondition  : RxJava2 related Aspect extensions are not activated, because RxJava2 is not on the classpath.
2022-10-17 13:23:18.244  INFO 1908 --- [main] i.g.r.utils.ReactorOnClasspathCondition  : Reactor related Aspect extensions are not activated because Reactor is not on the classpath.
2022-10-17 13:23:18.265  INFO 1908 --- [main] i.g.r.utils.RxJava2OnClasspathCondition  : RxJava2 related Aspect extensions are not activated, because RxJava2 is not on the classpath.
2022-10-17 13:23:18.266  INFO 1908 --- [main] i.g.r.utils.ReactorOnClasspathCondition  : Reactor related Aspect extensions are not activated because Reactor is not on the classpath.
2022-10-17 13:23:18.287  INFO 1908 --- [main] i.g.r.utils.RxJava2OnClasspathCondition  : RxJava2 related Aspect extensions are not activated, because RxJava2 is not on the classpath.
2022-10-17 13:23:18.288  INFO 1908 --- [main] i.g.r.utils.ReactorOnClasspathCondition  : Reactor related Aspect extensions are not activated because Reactor is not on the classpath.
2022-10-17 13:23:18.630  INFO 1908 --- [main] .s.d.r.c.RepositoryConfigurationDelegate : Bootstrapping Spring Data JPA repositories in DEFAULT mode.
2022-10-17 13:23:18.760  INFO 1908 --- [main] .s.d.r.c.RepositoryConfigurationDelegate : Finished Spring Data repository scanning in 113 ms. Found 3 JPA repository interfaces.
2022-10-17 13:23:20.862  INFO 1908 --- [main] o.s.b.w.embedded.tomcat.TomcatWebServer  : Tomcat initialized with port(s): 8086 (http)
2022-10-17 13:23:20.881  INFO 1908 --- [main] o.apache.catalina.core.StandardService   : Starting service [Tomcat]
2022-10-17 13:23:20.881  INFO 1908 --- [main] org.apache.catalina.core.StandardEngine  : Starting Servlet engine: [Apache Tomcat/9.0.65]
2022-10-17 13:23:21.219  INFO 1908 --- [main] o.a.c.c.C.[Tomcat].[localhost].[/]       : Initializing Spring embedded WebApplicationContext
2022-10-17 13:23:21.219  INFO 1908 --- [main] w.s.c.ServletWebServerApplicationContext : Root WebApplicationContext: initialization completed in 4382 ms
2022-10-17 13:23:21.383  WARN 1908 --- [main] JpaBaseConfiguration$JpaWebConfiguration : spring.jpa.open-in-view is enabled by default. Therefore, database queries may be performed during view rendering. Explicitly configure spring.jpa.open-in-view to disable this warning
2022-10-17 13:23:21.699  INFO 1908 --- [main] com.zaxxer.hikari.HikariDataSource       : HikariPool-1 - Starting...
2022-10-17 13:23:22.192  INFO 1908 --- [main] com.zaxxer.hikari.HikariDataSource       : HikariPool-1 - Start completed.
2022-10-17 13:23:22.305  INFO 1908 --- [main] o.hibernate.jpa.internal.util.LogHelper  : HHH000204: Processing PersistenceUnitInfo [name: default]
2022-10-17 13:23:22.458  INFO 1908 --- [main] org.hibernate.Version                    : HHH000412: Hibernate ORM core version 5.6.10.Final
2022-10-17 13:23:22.919  INFO 1908 --- [main] o.hibernate.annotations.common.Version   : HCANN000001: Hibernate Commons Annotations {5.1.2.Final}
2022-10-17 13:23:23.246  INFO 1908 --- [main] org.hibernate.dialect.Dialect            : HHH000400: Using dialect: org.hibernate.dialect.H2Dialect
2022-10-17 13:23:24.839  INFO 1908 --- [main] o.h.e.t.j.p.i.JtaPlatformInitiator       : HHH000490: Using JtaPlatform implementation: [org.hibernate.engine.transaction.jta.platform.internal.NoJtaPlatform]
2022-10-17 13:23:24.856  INFO 1908 --- [main] j.LocalContainerEntityManagerFactoryBean : Initialized JPA EntityManagerFactory for persistence unit 'default'
2022-10-17 13:23:25.406  INFO 1908 --- [main] o.s.b.a.h2.H2ConsoleAutoConfiguration    : H2 console available at '/h2-console'. Database available at 'jdbc:h2:mem:starwar'
2022-10-17 13:23:25.558  INFO 1908 --- [main] o.s.boot.web.servlet.RegistrationBean    : Servlet webServlet was not registered (possibly already registered?)
2022-10-17 13:23:27.651  INFO 1908 --- [main] o.s.s.web.DefaultSecurityFilterChain     : Will secure any request with [org.springframework.security.web.context.request.async.WebAsyncManagerIntegrationFilter@1575bcd, org.springframework.security.web.context.SecurityContextPersistenceFilter@78f456, org.springframework.security.web.header.HeaderWriterFilter@1d23478, org.springframework.security.web.authentication.logout.LogoutFilter@18fe415, com.starwar.api.security.JwtTokenFilter@149d347, org.springframework.security.web.savedrequest.RequestCacheAwareFilter@36448b, org.springframework.security.web.servletapi.SecurityContextHolderAwareRequestFilter@18a952f, org.springframework.security.web.authentication.AnonymousAuthenticationFilter@1ed4a51, org.springframework.security.web.session.SessionManagementFilter@569672, org.springframework.security.web.access.ExceptionTranslationFilter@1988c45, org.springframework.security.web.access.intercept.FilterSecurityInterceptor@12be319]
2022-10-17 13:23:29.909  INFO 1908 --- [main] o.s.b.a.e.web.EndpointLinksResolver      : Exposing 1 endpoint(s) beneath base path '/actuator'
2022-10-17 13:23:30.068  INFO 1908 --- [main] o.s.b.w.embedded.tomcat.TomcatWebServer  : Tomcat started on port(s): 8086 (http) with context path ''
2022-10-17 13:23:30.091  INFO 1908 --- [main] com.starwar.api.StarwarapiApplication    : Started StarwarapiApplication in 14.352 seconds (JVM running for 15.269)
2022-10-17 13:23:35.230  INFO 1908 --- [http-nio-8086-exec-2] o.a.c.c.C.[Tomcat].[localhost].[/]       : Initializing Spring DispatcherServlet 'dispatcherServlet'
2022-10-17 13:23:35.231  INFO 1908 --- [http-nio-8086-exec-2] o.s.web.servlet.DispatcherServlet        : Initializing Servlet 'dispatcherServlet'
2022-10-17 13:23:35.235  INFO 1908 --- [http-nio-8086-exec-2] o.s.web.servlet.DispatcherServlet        : Completed initialization in 4 ms
2022-10-17 17:16:33.595  INFO 28476 --- [main] c.s.api.StarwarapiApplicationTests       : Starting StarwarapiApplicationTests using Java 1.8.0_74 on DVCGNH6112478 with PID 28476 (started by SCHUNDAW in C:\TestProjects\starwarapi)
2022-10-17 17:16:33.600  INFO 28476 --- [main] c.s.api.StarwarapiApplicationTests       : No active profile set, falling back to 1 default profile: "default"
2022-10-17 17:16:36.353  INFO 28476 --- [main] i.g.r.utils.RxJava2OnClasspathCondition  : RxJava2 related Aspect extensions are not activated, because RxJava2 is not on the classpath.
2022-10-17 17:16:36.357  INFO 28476 --- [main] i.g.r.utils.ReactorOnClasspathCondition  : Reactor related Aspect extensions are not activated because Reactor is not on the classpath.
2022-10-17 17:16:36.407  INFO 28476 --- [main] i.g.r.utils.RxJava2OnClasspathCondition  : RxJava2 related Aspect extensions are not activated, because RxJava2 is not on the classpath.
2022-10-17 17:16:36.408  INFO 28476 --- [main] i.g.r.utils.ReactorOnClasspathCondition  : Reactor related Aspect extensions are not activated because Reactor is not on the classpath.
2022-10-17 17:16:36.472  INFO 28476 --- [main] i.g.r.utils.RxJava2OnClasspathCondition  : RxJava2 related Aspect extensions are not activated, because RxJava2 is not on the classpath.
2022-10-17 17:16:36.474  INFO 28476 --- [main] i.g.r.utils.ReactorOnClasspathCondition  : Reactor related Aspect extensions are not activated because Reactor is not on the classpath.
2022-10-17 17:16:36.522  INFO 28476 --- [main] i.g.r.utils.RxJava2OnClasspathCondition  : RxJava2 related Aspect extensions are not activated, because RxJava2 is not on the classpath.
2022-10-17 17:16:36.524  INFO 28476 --- [main] i.g.r.utils.ReactorOnClasspathCondition  : Reactor related Aspect extensions are not activated because Reactor is not on the classpath.
2022-10-17 17:16:36.563  INFO 28476 --- [main] i.g.r.utils.RxJava2OnClasspathCondition  : RxJava2 related Aspect extensions are not activated, because RxJava2 is not on the classpath.
2022-10-17 17:16:36.564  INFO 28476 --- [main] i.g.r.utils.ReactorOnClasspathCondition  : Reactor related Aspect extensions are not activated because Reactor is not on the classpath.
2022-10-17 17:16:36.603  INFO 28476 --- [main] i.g.r.utils.RxJava2OnClasspathCondition  : RxJava2 related Aspect extensions are not activated, because RxJava2 is not on the classpath.
2022-10-17 17:16:36.606  INFO 28476 --- [main] i.g.r.utils.ReactorOnClasspathCondition  : Reactor related Aspect extensions are not activated because Reactor is not on the classpath.
2022-10-17 17:16:37.086  INFO 28476 --- [main] .s.d.r.c.RepositoryConfigurationDelegate : Bootstrapping Spring Data JPA repositories in DEFAULT mode.
2022-10-17 17:16:37.298  INFO 28476 --- [main] .s.d.r.c.RepositoryConfigurationDelegate : Finished Spring Data repository scanning in 187 ms. Found 3 JPA repository interfaces.
2022-10-17 17:16:41.728  INFO 28476 --- [main] com.zaxxer.hikari.HikariDataSource       : HikariPool-1 - Starting...
2022-10-17 17:16:42.918  INFO 28476 --- [main] com.zaxxer.hikari.HikariDataSource       : HikariPool-1 - Start completed.
2022-10-17 17:16:43.179  INFO 28476 --- [main] o.hibernate.jpa.internal.util.LogHelper  : HHH000204: Processing PersistenceUnitInfo [name: default]
2022-10-17 17:16:43.406  INFO 28476 --- [main] org.hibernate.Version                    : HHH000412: Hibernate ORM core version 5.6.10.Final
2022-10-17 17:16:44.213  INFO 28476 --- [main] o.hibernate.annotations.common.Version   : HCANN000001: Hibernate Commons Annotations {5.1.2.Final}
2022-10-17 17:16:45.631  INFO 28476 --- [main] org.hibernate.dialect.Dialect            : HHH000400: Using dialect: org.hibernate.dialect.H2Dialect
2022-10-17 17:16:47.841  INFO 28476 --- [main] o.h.e.t.j.p.i.JtaPlatformInitiator       : HHH000490: Using JtaPlatform implementation: [org.hibernate.engine.transaction.jta.platform.internal.NoJtaPlatform]
2022-10-17 17:16:47.865  INFO 28476 --- [main] j.LocalContainerEntityManagerFactoryBean : Initialized JPA EntityManagerFactory for persistence unit 'default'
2022-10-17 17:16:48.206  WARN 28476 --- [main] JpaBaseConfiguration$JpaWebConfiguration : spring.jpa.open-in-view is enabled by default. Therefore, database queries may be performed during view rendering. Explicitly configure spring.jpa.open-in-view to disable this warning
2022-10-17 17:16:51.280  INFO 28476 --- [main] o.s.s.web.DefaultSecurityFilterChain     : Will secure any request with [org.springframework.security.web.context.request.async.WebAsyncManagerIntegrationFilter@78d2aa, org.springframework.security.web.context.SecurityContextPersistenceFilter@16532a, org.springframework.security.web.header.HeaderWriterFilter@1db66c3, org.springframework.security.web.authentication.logout.LogoutFilter@15fff35, com.starwar.api.security.JwtTokenFilter@b5f7d2, org.springframework.security.web.savedrequest.RequestCacheAwareFilter@1b0956e, org.springframework.security.web.servletapi.SecurityContextHolderAwareRequestFilter@24bab6, org.springframework.security.web.authentication.AnonymousAuthenticationFilter@14d8ef6, org.springframework.security.web.session.SessionManagementFilter@c9ee28, org.springframework.security.web.access.ExceptionTranslationFilter@fa5af6, org.springframework.security.web.access.intercept.FilterSecurityInterceptor@9ef32e]
2022-10-17 17:16:52.660  INFO 28476 --- [main] o.s.b.a.h2.H2ConsoleAutoConfiguration    : H2 console available at '/h2-console'. Database available at 'jdbc:h2:mem:starwar'
2022-10-17 17:16:55.248  INFO 28476 --- [main] o.s.b.a.e.web.EndpointLinksResolver      : Exposing 1 endpoint(s) beneath base path '/actuator'
2022-10-17 17:16:55.404  INFO 28476 --- [main] c.s.api.StarwarapiApplicationTests       : Started StarwarapiApplicationTests in 22.766 seconds (JVM running for 26.143)
2022-10-17 17:16:55.675  INFO 28476 --- [SpringApplicationShutdownHook] j.LocalContainerEntityManagerFactoryBean : Closing JPA EntityManagerFactory for persistence unit 'default'
2022-10-17 17:16:55.675  INFO 28476 --- [SpringApplicationShutdownHook] .SchemaDropperImpl$DelayedDropActionImpl : HHH000477: Starting delayed evictData of schema as part of SessionFactory shut-down'
2022-10-17 17:16:55.863  INFO 28476 --- [SpringApplicationShutdownHook] com.zaxxer.hikari.HikariDataSource       : HikariPool-1 - Shutdown initiated...
2022-10-17 17:16:55.867  INFO 28476 --- [SpringApplicationShutdownHook] com.zaxxer.hikari.HikariDataSource       : HikariPool-1 - Shutdown completed.
2022-10-17 17:20:21.054  INFO 43864 --- [main] com.starwar.api.StarwarapiApplication    : Starting StarwarapiApplication using Java 1.8.0_74 on DVCGNH6112478 with PID 43864 (C:\TestProjects\starwarapi\target\classes started by SCHUNDAW in C:\TestProjects\starwarapi)
2022-10-17 17:20:21.058  INFO 43864 --- [main] com.starwar.api.StarwarapiApplication    : No active profile set, falling back to 1 default profile: "default"
2022-10-17 17:20:21.944  INFO 43864 --- [main] i.g.r.utils.RxJava2OnClasspathCondition  : RxJava2 related Aspect extensions are not activated, because RxJava2 is not on the classpath.
2022-10-17 17:20:21.947  INFO 43864 --- [main] i.g.r.utils.ReactorOnClasspathCondition  : Reactor related Aspect extensions are not activated because Reactor is not on the classpath.
2022-10-17 17:20:21.964  INFO 43864 --- [main] i.g.r.utils.RxJava2OnClasspathCondition  : RxJava2 related Aspect extensions are not activated, because RxJava2 is not on the classpath.
2022-10-17 17:20:21.965  INFO 43864 --- [main] i.g.r.utils.ReactorOnClasspathCondition  : Reactor related Aspect extensions are not activated because Reactor is not on the classpath.
2022-10-17 17:20:21.989  INFO 43864 --- [main] i.g.r.utils.RxJava2OnClasspathCondition  : RxJava2 related Aspect extensions are not activated, because RxJava2 is not on the classpath.
2022-10-17 17:20:21.990  INFO 43864 --- [main] i.g.r.utils.ReactorOnClasspathCondition  : Reactor related Aspect extensions are not activated because Reactor is not on the classpath.
2022-10-17 17:20:22.005  INFO 43864 --- [main] i.g.r.utils.RxJava2OnClasspathCondition  : RxJava2 related Aspect extensions are not activated, because RxJava2 is not on the classpath.
2022-10-17 17:20:22.006  INFO 43864 --- [main] i.g.r.utils.ReactorOnClasspathCondition  : Reactor related Aspect extensions are not activated because Reactor is not on the classpath.
2022-10-17 17:20:22.021  INFO 43864 --- [main] i.g.r.utils.RxJava2OnClasspathCondition  : RxJava2 related Aspect extensions are not activated, because RxJava2 is not on the classpath.
2022-10-17 17:20:22.021  INFO 43864 --- [main] i.g.r.utils.ReactorOnClasspathCondition  : Reactor related Aspect extensions are not activated because Reactor is not on the classpath.
2022-10-17 17:20:22.032  INFO 43864 --- [main] i.g.r.utils.RxJava2OnClasspathCondition  : RxJava2 related Aspect extensions are not activated, because RxJava2 is not on the classpath.
2022-10-17 17:20:22.033  INFO 43864 --- [main] i.g.r.utils.ReactorOnClasspathCondition  : Reactor related Aspect extensions are not activated because Reactor is not on the classpath.
2022-10-17 17:20:22.191  INFO 43864 --- [main] .s.d.r.c.RepositoryConfigurationDelegate : Bootstrapping Spring Data JPA repositories in DEFAULT mode.
2022-10-17 17:20:22.294  INFO 43864 --- [main] .s.d.r.c.RepositoryConfigurationDelegate : Finished Spring Data repository scanning in 89 ms. Found 3 JPA repository interfaces.
2022-10-17 17:20:23.662  INFO 43864 --- [main] o.s.b.w.embedded.tomcat.TomcatWebServer  : Tomcat initialized with port(s): 8086 (http)
2022-10-17 17:20:23.678  INFO 43864 --- [main] o.apache.catalina.core.StandardService   : Starting service [Tomcat]
2022-10-17 17:20:23.678  INFO 43864 --- [main] org.apache.catalina.core.StandardEngine  : Starting Servlet engine: [Apache Tomcat/9.0.65]
2022-10-17 17:20:23.863  INFO 43864 --- [main] o.a.c.c.C.[Tomcat].[localhost].[/]       : Initializing Spring embedded WebApplicationContext
2022-10-17 17:20:23.864  INFO 43864 --- [main] w.s.c.ServletWebServerApplicationContext : Root WebApplicationContext: initialization completed in 2724 ms
2022-10-17 17:20:23.994  WARN 43864 --- [main] JpaBaseConfiguration$JpaWebConfiguration : spring.jpa.open-in-view is enabled by default. Therefore, database queries may be performed during view rendering. Explicitly configure spring.jpa.open-in-view to disable this warning
2022-10-17 17:20:24.138  INFO 43864 --- [main] com.zaxxer.hikari.HikariDataSource       : HikariPool-1 - Starting...
2022-10-17 17:20:24.409  INFO 43864 --- [main] com.zaxxer.hikari.HikariDataSource       : HikariPool-1 - Start completed.
2022-10-17 17:20:24.472  INFO 43864 --- [main] o.hibernate.jpa.internal.util.LogHelper  : HHH000204: Processing PersistenceUnitInfo [name: default]
2022-10-17 17:20:24.567  INFO 43864 --- [main] org.hibernate.Version                    : HHH000412: Hibernate ORM core version 5.6.10.Final
2022-10-17 17:20:24.839  INFO 43864 --- [main] o.hibernate.annotations.common.Version   : HCANN000001: Hibernate Commons Annotations {5.1.2.Final}
2022-10-17 17:20:25.019  INFO 43864 --- [main] org.hibernate.dialect.Dialect            : HHH000400: Using dialect: org.hibernate.dialect.H2Dialect
2022-10-17 17:20:25.925  INFO 43864 --- [main] o.h.e.t.j.p.i.JtaPlatformInitiator       : HHH000490: Using JtaPlatform implementation: [org.hibernate.engine.transaction.jta.platform.internal.NoJtaPlatform]
2022-10-17 17:20:25.937  INFO 43864 --- [main] j.LocalContainerEntityManagerFactoryBean : Initialized JPA EntityManagerFactory for persistence unit 'default'
2022-10-17 17:20:26.427  INFO 43864 --- [main] o.s.b.a.h2.H2ConsoleAutoConfiguration    : H2 console available at '/h2-console'. Database available at 'jdbc:h2:mem:starwar'
2022-10-17 17:20:26.543  INFO 43864 --- [main] o.s.boot.web.servlet.RegistrationBean    : Servlet webServlet was not registered (possibly already registered?)
2022-10-17 17:20:27.902  INFO 43864 --- [main] o.s.s.web.DefaultSecurityFilterChain     : Will secure any request with [org.springframework.security.web.context.request.async.WebAsyncManagerIntegrationFilter@10381f0, org.springframework.security.web.context.SecurityContextPersistenceFilter@a9971f, org.springframework.security.web.header.HeaderWriterFilter@dcacf1, org.springframework.security.web.authentication.logout.LogoutFilter@107e04e, com.starwar.api.security.JwtTokenFilter@db5974, org.springframework.security.web.savedrequest.RequestCacheAwareFilter@1498f21, org.springframework.security.web.servletapi.SecurityContextHolderAwareRequestFilter@1994b51, org.springframework.security.web.authentication.AnonymousAuthenticationFilter@18d671b, org.springframework.security.web.session.SessionManagementFilter@38a074, org.springframework.security.web.access.ExceptionTranslationFilter@1bbd98c, org.springframework.security.web.access.intercept.FilterSecurityInterceptor@1e67fa]
2022-10-17 17:20:29.189  INFO 43864 --- [main] o.s.b.a.e.web.EndpointLinksResolver      : Exposing 1 endpoint(s) beneath base path '/actuator'
2022-10-17 17:20:29.275  INFO 43864 --- [main] o.s.b.w.embedded.tomcat.TomcatWebServer  : Tomcat started on port(s): 8086 (http) with context path ''
2022-10-17 17:20:29.287  INFO 43864 --- [main] com.starwar.api.StarwarapiApplication    : Started StarwarapiApplication in 8.857 seconds (JVM running for 9.454)
2022-10-17 17:20:33.861  INFO 43864 --- [http-nio-8086-exec-2] o.a.c.c.C.[Tomcat].[localhost].[/]       : Initializing Spring DispatcherServlet 'dispatcherServlet'
2022-10-17 17:20:33.861  INFO 43864 --- [http-nio-8086-exec-2] o.s.web.servlet.DispatcherServlet        : Initializing Servlet 'dispatcherServlet'
2022-10-17 17:20:33.862  INFO 43864 --- [http-nio-8086-exec-2] o.s.web.servlet.DispatcherServlet        : Completed initialization in 1 ms
2022-10-17 17:20:34.173 ERROR 43864 --- [http-nio-8086-exec-2] o.a.c.c.C.[.[.[/].[dispatcherServlet]    : Servlet.service() for servlet [dispatcherServlet] in context with path [] threw exception [Request processing failed; nested exception is java.lang.reflect.UndeclaredThrowableException] with root cause

java.lang.NoSuchMethodException: interface java.util.List class com.starwar.api.controller.StarWarController.getDefaultUser(class java.lang.String,class java.lang.Throwable)
	at io.github.resilience4j.fallback.FallbackMethod.create(FallbackMethod.java:92) ~[resilience4j-spring-1.5.0.jar:1.5.0]
	at io.github.resilience4j.circuitbreaker.configure.CircuitBreakerAspect.circuitBreakerAroundAdvice(CircuitBreakerAspect.java:115) ~[resilience4j-spring-1.5.0.jar:1.5.0]
	at sun.reflect.NativeMethodAccessorImpl.invoke0(Native Method) ~[na:1.8.0_74]
	at sun.reflect.NativeMethodAccessorImpl.invoke(NativeMethodAccessorImpl.java:62) ~[na:1.8.0_74]
	at sun.reflect.DelegatingMethodAccessorImpl.invoke(DelegatingMethodAccessorImpl.java:43) ~[na:1.8.0_74]
	at java.lang.reflect.Method.invoke(Method.java:498) ~[na:1.8.0_74]
	at org.springframework.aop.aspectj.AbstractAspectJAdvice.invokeAdviceMethodWithGivenArgs(AbstractAspectJAdvice.java:634) ~[spring-aop-5.3.22.jar:5.3.22]
	at org.springframework.aop.aspectj.AbstractAspectJAdvice.invokeAdviceMethod(AbstractAspectJAdvice.java:624) ~[spring-aop-5.3.22.jar:5.3.22]
	at org.springframework.aop.aspectj.AspectJAroundAdvice.invoke(AspectJAroundAdvice.java:72) ~[spring-aop-5.3.22.jar:5.3.22]
	at org.springframework.aop.framework.ReflectiveMethodInvocation.proceed(ReflectiveMethodInvocation.java:175) ~[spring-aop-5.3.22.jar:5.3.22]
	at org.springframework.aop.framework.CglibAopProxy$CglibMethodInvocation.proceed(CglibAopProxy.java:763) ~[spring-aop-5.3.22.jar:5.3.22]
	at org.springframework.aop.interceptor.ExposeInvocationInterceptor.invoke(ExposeInvocationInterceptor.java:97) ~[spring-aop-5.3.22.jar:5.3.22]
	at org.springframework.aop.framework.ReflectiveMethodInvocation.proceed(ReflectiveMethodInvocation.java:186) ~[spring-aop-5.3.22.jar:5.3.22]
	at org.springframework.aop.framework.CglibAopProxy$CglibMethodInvocation.proceed(CglibAopProxy.java:763) ~[spring-aop-5.3.22.jar:5.3.22]
	at org.springframework.aop.framework.CglibAopProxy$DynamicAdvisedInterceptor.intercept(CglibAopProxy.java:708) ~[spring-aop-5.3.22.jar:5.3.22]
	at com.starwar.api.controller.StarWarController$$EnhancerBySpringCGLIB$$3398bb8c.getAllDataByType(<generated>) ~[classes/:na]
	at sun.reflect.NativeMethodAccessorImpl.invoke0(Native Method) ~[na:1.8.0_74]
	at sun.reflect.NativeMethodAccessorImpl.invoke(NativeMethodAccessorImpl.java:62) ~[na:1.8.0_74]
	at sun.reflect.DelegatingMethodAccessorImpl.invoke(DelegatingMethodAccessorImpl.java:43) ~[na:1.8.0_74]
	at java.lang.reflect.Method.invoke(Method.java:498) ~[na:1.8.0_74]
	at org.springframework.web.method.support.InvocableHandlerMethod.doInvoke(InvocableHandlerMethod.java:205) ~[spring-web-5.3.22.jar:5.3.22]
	at org.springframework.web.method.support.InvocableHandlerMethod.invokeForRequest(InvocableHandlerMethod.java:150) ~[spring-web-5.3.22.jar:5.3.22]
	at org.springframework.web.servlet.mvc.method.annotation.ServletInvocableHandlerMethod.invokeAndHandle(ServletInvocableHandlerMethod.java:117) ~[spring-webmvc-5.3.22.jar:5.3.22]
	at org.springframework.web.servlet.mvc.method.annotation.RequestMappingHandlerAdapter.invokeHandlerMethod(RequestMappingHandlerAdapter.java:895) ~[spring-webmvc-5.3.22.jar:5.3.22]
	at org.springframework.web.servlet.mvc.method.annotation.RequestMappingHandlerAdapter.handleInternal(RequestMappingHandlerAdapter.java:808) ~[spring-webmvc-5.3.22.jar:5.3.22]
	at org.springframework.web.servlet.mvc.method.AbstractHandlerMethodAdapter.handle(AbstractHandlerMethodAdapter.java:87) ~[spring-webmvc-5.3.22.jar:5.3.22]
	at org.springframework.web.servlet.DispatcherServlet.doDispatch(DispatcherServlet.java:1070) ~[spring-webmvc-5.3.22.jar:5.3.22]
	at org.springframework.web.servlet.DispatcherServlet.doService(DispatcherServlet.java:963) ~[spring-webmvc-5.3.22.jar:5.3.22]
	at org.springframework.web.servlet.FrameworkServlet.processRequest(FrameworkServlet.java:1006) ~[spring-webmvc-5.3.22.jar:5.3.22]
	at org.springframework.web.servlet.FrameworkServlet.doGet(FrameworkServlet.java:898) ~[spring-webmvc-5.3.22.jar:5.3.22]
	at javax.servlet.http.HttpServlet.service(HttpServlet.java:655) ~[tomcat-embed-core-9.0.65.jar:4.0.FR]
	at org.springframework.web.servlet.FrameworkServlet.service(FrameworkServlet.java:883) ~[spring-webmvc-5.3.22.jar:5.3.22]
	at javax.servlet.http.HttpServlet.service(HttpServlet.java:764) ~[tomcat-embed-core-9.0.65.jar:4.0.FR]
	at org.apache.catalina.core.ApplicationFilterChain.internalDoFilter(ApplicationFilterChain.java:227) ~[tomcat-embed-core-9.0.65.jar:9.0.65]
	at org.apache.catalina.core.ApplicationFilterChain.doFilter(ApplicationFilterChain.java:162) ~[tomcat-embed-core-9.0.65.jar:9.0.65]
	at org.apache.tomcat.websocket.server.WsFilter.doFilter(WsFilter.java:53) ~[tomcat-embed-websocket-9.0.65.jar:9.0.65]
	at org.apache.catalina.core.ApplicationFilterChain.internalDoFilter(ApplicationFilterChain.java:189) ~[tomcat-embed-core-9.0.65.jar:9.0.65]
	at org.apache.catalina.core.ApplicationFilterChain.doFilter(ApplicationFilterChain.java:162) ~[tomcat-embed-core-9.0.65.jar:9.0.65]
	at org.springframework.web.filter.OncePerRequestFilter.doFilter(OncePerRequestFilter.java:111) ~[spring-web-5.3.22.jar:5.3.22]
	at org.apache.catalina.core.ApplicationFilterChain.internalDoFilter(ApplicationFilterChain.java:189) ~[tomcat-embed-core-9.0.65.jar:9.0.65]
	at org.apache.catalina.core.ApplicationFilterChain.doFilter(ApplicationFilterChain.java:162) ~[tomcat-embed-core-9.0.65.jar:9.0.65]
	at org.springframework.security.web.FilterChainProxy$VirtualFilterChain.doFilter(FilterChainProxy.java:327) ~[spring-security-web-5.6.6.jar:5.6.6]
	at org.springframework.security.web.access.intercept.FilterSecurityInterceptor.invoke(FilterSecurityInterceptor.java:115) ~[spring-security-web-5.6.6.jar:5.6.6]
	at org.springframework.security.web.access.intercept.FilterSecurityInterceptor.doFilter(FilterSecurityInterceptor.java:81) ~[spring-security-web-5.6.6.jar:5.6.6]
	at org.springframework.security.web.FilterChainProxy$VirtualFilterChain.doFilter(FilterChainProxy.java:336) ~[spring-security-web-5.6.6.jar:5.6.6]
	at org.springframework.security.web.access.ExceptionTranslationFilter.doFilter(ExceptionTranslationFilter.java:122) ~[spring-security-web-5.6.6.jar:5.6.6]
	at org.springframework.security.web.access.ExceptionTranslationFilter.doFilter(ExceptionTranslationFilter.java:116) ~[spring-security-web-5.6.6.jar:5.6.6]
	at org.springframework.security.web.FilterChainProxy$VirtualFilterChain.doFilter(FilterChainProxy.java:336) ~[spring-security-web-5.6.6.jar:5.6.6]
	at org.springframework.security.web.session.SessionManagementFilter.doFilter(SessionManagementFilter.java:126) ~[spring-security-web-5.6.6.jar:5.6.6]
	at org.springframework.security.web.session.SessionManagementFilter.doFilter(SessionManagementFilter.java:81) ~[spring-security-web-5.6.6.jar:5.6.6]
	at org.springframework.security.web.FilterChainProxy$VirtualFilterChain.doFilter(FilterChainProxy.java:336) ~[spring-security-web-5.6.6.jar:5.6.6]
	at org.springframework.security.web.authentication.AnonymousAuthenticationFilter.doFilter(AnonymousAuthenticationFilter.java:109) ~[spring-security-web-5.6.6.jar:5.6.6]
	at org.springframework.security.web.FilterChainProxy$VirtualFilterChain.doFilter(FilterChainProxy.java:336) ~[spring-security-web-5.6.6.jar:5.6.6]
	at org.springframework.security.web.servletapi.SecurityContextHolderAwareRequestFilter.doFilter(SecurityContextHolderAwareRequestFilter.java:149) ~[spring-security-web-5.6.6.jar:5.6.6]
	at org.springframework.security.web.FilterChainProxy$VirtualFilterChain.doFilter(FilterChainProxy.java:336) ~[spring-security-web-5.6.6.jar:5.6.6]
	at org.springframework.security.web.savedrequest.RequestCacheAwareFilter.doFilter(RequestCacheAwareFilter.java:63) ~[spring-security-web-5.6.6.jar:5.6.6]
	at org.springframework.security.web.FilterChainProxy$VirtualFilterChain.doFilter(FilterChainProxy.java:336) ~[spring-security-web-5.6.6.jar:5.6.6]
	at com.starwar.api.security.JwtTokenFilter.doFilterInternal(JwtTokenFilter.java:58) ~[classes/:na]
	at org.springframework.web.filter.OncePerRequestFilter.doFilter(OncePerRequestFilter.java:117) ~[spring-web-5.3.22.jar:5.3.22]
	at org.springframework.security.web.FilterChainProxy$VirtualFilterChain.doFilter(FilterChainProxy.java:336) ~[spring-security-web-5.6.6.jar:5.6.6]
	at org.springframework.security.web.authentication.logout.LogoutFilter.doFilter(LogoutFilter.java:103) ~[spring-security-web-5.6.6.jar:5.6.6]
	at org.springframework.security.web.authentication.logout.LogoutFilter.doFilter(LogoutFilter.java:89) ~[spring-security-web-5.6.6.jar:5.6.6]
	at org.springframework.security.web.FilterChainProxy$VirtualFilterChain.doFilter(FilterChainProxy.java:336) ~[spring-security-web-5.6.6.jar:5.6.6]
	at org.springframework.security.web.header.HeaderWriterFilter.doHeadersAfter(HeaderWriterFilter.java:90) ~[spring-security-web-5.6.6.jar:5.6.6]
	at org.springframework.security.web.header.HeaderWriterFilter.doFilterInternal(HeaderWriterFilter.java:75) ~[spring-security-web-5.6.6.jar:5.6.6]
	at org.springframework.web.filter.OncePerRequestFilter.doFilter(OncePerRequestFilter.java:117) ~[spring-web-5.3.22.jar:5.3.22]
	at org.springframework.security.web.FilterChainProxy$VirtualFilterChain.doFilter(FilterChainProxy.java:336) ~[spring-security-web-5.6.6.jar:5.6.6]
	at org.springframework.security.web.context.SecurityContextPersistenceFilter.doFilter(SecurityContextPersistenceFilter.java:110) ~[spring-security-web-5.6.6.jar:5.6.6]
	at org.springframework.security.web.context.SecurityContextPersistenceFilter.doFilter(SecurityContextPersistenceFilter.java:80) ~[spring-security-web-5.6.6.jar:5.6.6]
	at org.springframework.security.web.FilterChainProxy$VirtualFilterChain.doFilter(FilterChainProxy.java:336) ~[spring-security-web-5.6.6.jar:5.6.6]
	at org.springframework.security.web.context.request.async.WebAsyncManagerIntegrationFilter.doFilterInternal(WebAsyncManagerIntegrationFilter.java:55) ~[spring-security-web-5.6.6.jar:5.6.6]
	at org.springframework.web.filter.OncePerRequestFilter.doFilter(OncePerRequestFilter.java:117) ~[spring-web-5.3.22.jar:5.3.22]
	at org.springframework.security.web.FilterChainProxy$VirtualFilterChain.doFilter(FilterChainProxy.java:336) ~[spring-security-web-5.6.6.jar:5.6.6]
	at org.springframework.security.web.FilterChainProxy.doFilterInternal(FilterChainProxy.java:211) ~[spring-security-web-5.6.6.jar:5.6.6]
	at org.springframework.security.web.FilterChainProxy.doFilter(FilterChainProxy.java:183) ~[spring-security-web-5.6.6.jar:5.6.6]
	at org.springframework.web.filter.DelegatingFilterProxy.invokeDelegate(DelegatingFilterProxy.java:354) ~[spring-web-5.3.22.jar:5.3.22]
	at org.springframework.web.filter.DelegatingFilterProxy.doFilter(DelegatingFilterProxy.java:267) ~[spring-web-5.3.22.jar:5.3.22]
	at org.apache.catalina.core.ApplicationFilterChain.internalDoFilter(ApplicationFilterChain.java:189) ~[tomcat-embed-core-9.0.65.jar:9.0.65]
	at org.apache.catalina.core.ApplicationFilterChain.doFilter(ApplicationFilterChain.java:162) ~[tomcat-embed-core-9.0.65.jar:9.0.65]
	at org.springframework.web.filter.RequestContextFilter.doFilterInternal(RequestContextFilter.java:100) ~[spring-web-5.3.22.jar:5.3.22]
	at org.springframework.web.filter.OncePerRequestFilter.doFilter(OncePerRequestFilter.java:117) ~[spring-web-5.3.22.jar:5.3.22]
	at org.apache.catalina.core.ApplicationFilterChain.internalDoFilter(ApplicationFilterChain.java:189) ~[tomcat-embed-core-9.0.65.jar:9.0.65]
	at org.apache.catalina.core.ApplicationFilterChain.doFilter(ApplicationFilterChain.java:162) ~[tomcat-embed-core-9.0.65.jar:9.0.65]
	at org.springframework.web.filter.FormContentFilter.doFilterInternal(FormContentFilter.java:93) ~[spring-web-5.3.22.jar:5.3.22]
	at org.springframework.web.filter.OncePerRequestFilter.doFilter(OncePerRequestFilter.java:117) ~[spring-web-5.3.22.jar:5.3.22]
	at org.apache.catalina.core.ApplicationFilterChain.internalDoFilter(ApplicationFilterChain.java:189) ~[tomcat-embed-core-9.0.65.jar:9.0.65]
	at org.apache.catalina.core.ApplicationFilterChain.doFilter(ApplicationFilterChain.java:162) ~[tomcat-embed-core-9.0.65.jar:9.0.65]
	at org.springframework.boot.actuate.metrics.web.servlet.WebMvcMetricsFilter.doFilterInternal(WebMvcMetricsFilter.java:96) ~[spring-boot-actuator-2.6.10.jar:2.6.10]
	at org.springframework.web.filter.OncePerRequestFilter.doFilter(OncePerRequestFilter.java:117) ~[spring-web-5.3.22.jar:5.3.22]
	at org.apache.catalina.core.ApplicationFilterChain.internalDoFilter(ApplicationFilterChain.java:189) ~[tomcat-embed-core-9.0.65.jar:9.0.65]
	at org.apache.catalina.core.ApplicationFilterChain.doFilter(ApplicationFilterChain.java:162) ~[tomcat-embed-core-9.0.65.jar:9.0.65]
	at org.springframework.web.filter.CharacterEncodingFilter.doFilterInternal(CharacterEncodingFilter.java:201) ~[spring-web-5.3.22.jar:5.3.22]
	at org.springframework.web.filter.OncePerRequestFilter.doFilter(OncePerRequestFilter.java:117) ~[spring-web-5.3.22.jar:5.3.22]
	at org.apache.catalina.core.ApplicationFilterChain.internalDoFilter(ApplicationFilterChain.java:189) ~[tomcat-embed-core-9.0.65.jar:9.0.65]
	at org.apache.catalina.core.ApplicationFilterChain.doFilter(ApplicationFilterChain.java:162) ~[tomcat-embed-core-9.0.65.jar:9.0.65]
	at org.apache.catalina.core.StandardWrapperValve.invoke(StandardWrapperValve.java:197) ~[tomcat-embed-core-9.0.65.jar:9.0.65]
	at org.apache.catalina.core.StandardContextValve.invoke(StandardContextValve.java:97) [tomcat-embed-core-9.0.65.jar:9.0.65]
	at org.apache.catalina.authenticator.AuthenticatorBase.invoke(AuthenticatorBase.java:541) [tomcat-embed-core-9.0.65.jar:9.0.65]
	at org.apache.catalina.core.StandardHostValve.invoke(StandardHostValve.java:135) [tomcat-embed-core-9.0.65.jar:9.0.65]
	at org.apache.catalina.valves.ErrorReportValve.invoke(ErrorReportValve.java:92) [tomcat-embed-core-9.0.65.jar:9.0.65]
	at org.apache.catalina.core.StandardEngineValve.invoke(StandardEngineValve.java:78) [tomcat-embed-core-9.0.65.jar:9.0.65]
	at org.apache.catalina.connector.CoyoteAdapter.service(CoyoteAdapter.java:360) [tomcat-embed-core-9.0.65.jar:9.0.65]
	at org.apache.coyote.http11.Http11Processor.service(Http11Processor.java:399) [tomcat-embed-core-9.0.65.jar:9.0.65]
	at org.apache.coyote.AbstractProcessorLight.process(AbstractProcessorLight.java:65) [tomcat-embed-core-9.0.65.jar:9.0.65]
	at org.apache.coyote.AbstractProtocol$ConnectionHandler.process(AbstractProtocol.java:890) [tomcat-embed-core-9.0.65.jar:9.0.65]
	at org.apache.tomcat.util.net.NioEndpoint$SocketProcessor.doRun(NioEndpoint.java:1789) [tomcat-embed-core-9.0.65.jar:9.0.65]
	at org.apache.tomcat.util.net.SocketProcessorBase.run(SocketProcessorBase.java:49) [tomcat-embed-core-9.0.65.jar:9.0.65]
	at org.apache.tomcat.util.threads.ThreadPoolExecutor.runWorker(ThreadPoolExecutor.java:1191) [tomcat-embed-core-9.0.65.jar:9.0.65]
	at org.apache.tomcat.util.threads.ThreadPoolExecutor$Worker.run(ThreadPoolExecutor.java:659) [tomcat-embed-core-9.0.65.jar:9.0.65]
	at org.apache.tomcat.util.threads.TaskThread$WrappingRunnable.run(TaskThread.java:61) [tomcat-embed-core-9.0.65.jar:9.0.65]
	at java.lang.Thread.run(Thread.java:745) [na:1.8.0_74]

2022-10-17 17:20:37.280 ERROR 43864 --- [http-nio-8086-exec-4] o.a.c.c.C.[.[.[/].[dispatcherServlet]    : Servlet.service() for servlet [dispatcherServlet] in context with path [] threw exception [Request processing failed; nested exception is java.lang.reflect.UndeclaredThrowableException] with root cause

java.lang.NoSuchMethodException: interface java.util.List class com.starwar.api.controller.StarWarController.getDefaultUser(class java.lang.String,class java.lang.Throwable)
	at io.github.resilience4j.fallback.FallbackMethod.create(FallbackMethod.java:92) ~[resilience4j-spring-1.5.0.jar:1.5.0]
	at io.github.resilience4j.circuitbreaker.configure.CircuitBreakerAspect.circuitBreakerAroundAdvice(CircuitBreakerAspect.java:115) ~[resilience4j-spring-1.5.0.jar:1.5.0]
	at sun.reflect.NativeMethodAccessorImpl.invoke0(Native Method) ~[na:1.8.0_74]
	at sun.reflect.NativeMethodAccessorImpl.invoke(NativeMethodAccessorImpl.java:62) ~[na:1.8.0_74]
	at sun.reflect.DelegatingMethodAccessorImpl.invoke(DelegatingMethodAccessorImpl.java:43) ~[na:1.8.0_74]
	at java.lang.reflect.Method.invoke(Method.java:498) ~[na:1.8.0_74]
	at org.springframework.aop.aspectj.AbstractAspectJAdvice.invokeAdviceMethodWithGivenArgs(AbstractAspectJAdvice.java:634) ~[spring-aop-5.3.22.jar:5.3.22]
	at org.springframework.aop.aspectj.AbstractAspectJAdvice.invokeAdviceMethod(AbstractAspectJAdvice.java:624) ~[spring-aop-5.3.22.jar:5.3.22]
	at org.springframework.aop.aspectj.AspectJAroundAdvice.invoke(AspectJAroundAdvice.java:72) ~[spring-aop-5.3.22.jar:5.3.22]
	at org.springframework.aop.framework.ReflectiveMethodInvocation.proceed(ReflectiveMethodInvocation.java:175) ~[spring-aop-5.3.22.jar:5.3.22]
	at org.springframework.aop.framework.CglibAopProxy$CglibMethodInvocation.proceed(CglibAopProxy.java:763) ~[spring-aop-5.3.22.jar:5.3.22]
	at org.springframework.aop.interceptor.ExposeInvocationInterceptor.invoke(ExposeInvocationInterceptor.java:97) ~[spring-aop-5.3.22.jar:5.3.22]
	at org.springframework.aop.framework.ReflectiveMethodInvocation.proceed(ReflectiveMethodInvocation.java:186) ~[spring-aop-5.3.22.jar:5.3.22]
	at org.springframework.aop.framework.CglibAopProxy$CglibMethodInvocation.proceed(CglibAopProxy.java:763) ~[spring-aop-5.3.22.jar:5.3.22]
	at org.springframework.aop.framework.CglibAopProxy$DynamicAdvisedInterceptor.intercept(CglibAopProxy.java:708) ~[spring-aop-5.3.22.jar:5.3.22]
	at com.starwar.api.controller.StarWarController$$EnhancerBySpringCGLIB$$3398bb8c.getAllDataByType(<generated>) ~[classes/:na]
	at sun.reflect.NativeMethodAccessorImpl.invoke0(Native Method) ~[na:1.8.0_74]
	at sun.reflect.NativeMethodAccessorImpl.invoke(NativeMethodAccessorImpl.java:62) ~[na:1.8.0_74]
	at sun.reflect.DelegatingMethodAccessorImpl.invoke(DelegatingMethodAccessorImpl.java:43) ~[na:1.8.0_74]
	at java.lang.reflect.Method.invoke(Method.java:498) ~[na:1.8.0_74]
	at org.springframework.web.method.support.InvocableHandlerMethod.doInvoke(InvocableHandlerMethod.java:205) ~[spring-web-5.3.22.jar:5.3.22]
	at org.springframework.web.method.support.InvocableHandlerMethod.invokeForRequest(InvocableHandlerMethod.java:150) ~[spring-web-5.3.22.jar:5.3.22]
	at org.springframework.web.servlet.mvc.method.annotation.ServletInvocableHandlerMethod.invokeAndHandle(ServletInvocableHandlerMethod.java:117) ~[spring-webmvc-5.3.22.jar:5.3.22]
	at org.springframework.web.servlet.mvc.method.annotation.RequestMappingHandlerAdapter.invokeHandlerMethod(RequestMappingHandlerAdapter.java:895) ~[spring-webmvc-5.3.22.jar:5.3.22]
	at org.springframework.web.servlet.mvc.method.annotation.RequestMappingHandlerAdapter.handleInternal(RequestMappingHandlerAdapter.java:808) ~[spring-webmvc-5.3.22.jar:5.3.22]
	at org.springframework.web.servlet.mvc.method.AbstractHandlerMethodAdapter.handle(AbstractHandlerMethodAdapter.java:87) ~[spring-webmvc-5.3.22.jar:5.3.22]
	at org.springframework.web.servlet.DispatcherServlet.doDispatch(DispatcherServlet.java:1070) ~[spring-webmvc-5.3.22.jar:5.3.22]
	at org.springframework.web.servlet.DispatcherServlet.doService(DispatcherServlet.java:963) ~[spring-webmvc-5.3.22.jar:5.3.22]
	at org.springframework.web.servlet.FrameworkServlet.processRequest(FrameworkServlet.java:1006) ~[spring-webmvc-5.3.22.jar:5.3.22]
	at org.springframework.web.servlet.FrameworkServlet.doGet(FrameworkServlet.java:898) ~[spring-webmvc-5.3.22.jar:5.3.22]
	at javax.servlet.http.HttpServlet.service(HttpServlet.java:655) ~[tomcat-embed-core-9.0.65.jar:4.0.FR]
	at org.springframework.web.servlet.FrameworkServlet.service(FrameworkServlet.java:883) ~[spring-webmvc-5.3.22.jar:5.3.22]
	at javax.servlet.http.HttpServlet.service(HttpServlet.java:764) ~[tomcat-embed-core-9.0.65.jar:4.0.FR]
	at org.apache.catalina.core.ApplicationFilterChain.internalDoFilter(ApplicationFilterChain.java:227) ~[tomcat-embed-core-9.0.65.jar:9.0.65]
	at org.apache.catalina.core.ApplicationFilterChain.doFilter(ApplicationFilterChain.java:162) ~[tomcat-embed-core-9.0.65.jar:9.0.65]
	at org.apache.tomcat.websocket.server.WsFilter.doFilter(WsFilter.java:53) ~[tomcat-embed-websocket-9.0.65.jar:9.0.65]
	at org.apache.catalina.core.ApplicationFilterChain.internalDoFilter(ApplicationFilterChain.java:189) ~[tomcat-embed-core-9.0.65.jar:9.0.65]
	at org.apache.catalina.core.ApplicationFilterChain.doFilter(ApplicationFilterChain.java:162) ~[tomcat-embed-core-9.0.65.jar:9.0.65]
	at org.springframework.web.filter.OncePerRequestFilter.doFilter(OncePerRequestFilter.java:111) ~[spring-web-5.3.22.jar:5.3.22]
	at org.apache.catalina.core.ApplicationFilterChain.internalDoFilter(ApplicationFilterChain.java:189) ~[tomcat-embed-core-9.0.65.jar:9.0.65]
	at org.apache.catalina.core.ApplicationFilterChain.doFilter(ApplicationFilterChain.java:162) ~[tomcat-embed-core-9.0.65.jar:9.0.65]
	at org.springframework.security.web.FilterChainProxy$VirtualFilterChain.doFilter(FilterChainProxy.java:327) ~[spring-security-web-5.6.6.jar:5.6.6]
	at org.springframework.security.web.access.intercept.FilterSecurityInterceptor.invoke(FilterSecurityInterceptor.java:115) ~[spring-security-web-5.6.6.jar:5.6.6]
	at org.springframework.security.web.access.intercept.FilterSecurityInterceptor.doFilter(FilterSecurityInterceptor.java:81) ~[spring-security-web-5.6.6.jar:5.6.6]
	at org.springframework.security.web.FilterChainProxy$VirtualFilterChain.doFilter(FilterChainProxy.java:336) ~[spring-security-web-5.6.6.jar:5.6.6]
	at org.springframework.security.web.access.ExceptionTranslationFilter.doFilter(ExceptionTranslationFilter.java:122) ~[spring-security-web-5.6.6.jar:5.6.6]
	at org.springframework.security.web.access.ExceptionTranslationFilter.doFilter(ExceptionTranslationFilter.java:116) ~[spring-security-web-5.6.6.jar:5.6.6]
	at org.springframework.security.web.FilterChainProxy$VirtualFilterChain.doFilter(FilterChainProxy.java:336) ~[spring-security-web-5.6.6.jar:5.6.6]
	at org.springframework.security.web.session.SessionManagementFilter.doFilter(SessionManagementFilter.java:126) ~[spring-security-web-5.6.6.jar:5.6.6]
	at org.springframework.security.web.session.SessionManagementFilter.doFilter(SessionManagementFilter.java:81) ~[spring-security-web-5.6.6.jar:5.6.6]
	at org.springframework.security.web.FilterChainProxy$VirtualFilterChain.doFilter(FilterChainProxy.java:336) ~[spring-security-web-5.6.6.jar:5.6.6]
	at org.springframework.security.web.authentication.AnonymousAuthenticationFilter.doFilter(AnonymousAuthenticationFilter.java:109) ~[spring-security-web-5.6.6.jar:5.6.6]
	at org.springframework.security.web.FilterChainProxy$VirtualFilterChain.doFilter(FilterChainProxy.java:336) ~[spring-security-web-5.6.6.jar:5.6.6]
	at org.springframework.security.web.servletapi.SecurityContextHolderAwareRequestFilter.doFilter(SecurityContextHolderAwareRequestFilter.java:149) ~[spring-security-web-5.6.6.jar:5.6.6]
	at org.springframework.security.web.FilterChainProxy$VirtualFilterChain.doFilter(FilterChainProxy.java:336) ~[spring-security-web-5.6.6.jar:5.6.6]
	at org.springframework.security.web.savedrequest.RequestCacheAwareFilter.doFilter(RequestCacheAwareFilter.java:63) ~[spring-security-web-5.6.6.jar:5.6.6]
	at org.springframework.security.web.FilterChainProxy$VirtualFilterChain.doFilter(FilterChainProxy.java:336) ~[spring-security-web-5.6.6.jar:5.6.6]
	at com.starwar.api.security.JwtTokenFilter.doFilterInternal(JwtTokenFilter.java:58) ~[classes/:na]
	at org.springframework.web.filter.OncePerRequestFilter.doFilter(OncePerRequestFilter.java:117) ~[spring-web-5.3.22.jar:5.3.22]
	at org.springframework.security.web.FilterChainProxy$VirtualFilterChain.doFilter(FilterChainProxy.java:336) ~[spring-security-web-5.6.6.jar:5.6.6]
	at org.springframework.security.web.authentication.logout.LogoutFilter.doFilter(LogoutFilter.java:103) ~[spring-security-web-5.6.6.jar:5.6.6]
	at org.springframework.security.web.authentication.logout.LogoutFilter.doFilter(LogoutFilter.java:89) ~[spring-security-web-5.6.6.jar:5.6.6]
	at org.springframework.security.web.FilterChainProxy$VirtualFilterChain.doFilter(FilterChainProxy.java:336) ~[spring-security-web-5.6.6.jar:5.6.6]
	at org.springframework.security.web.header.HeaderWriterFilter.doHeadersAfter(HeaderWriterFilter.java:90) ~[spring-security-web-5.6.6.jar:5.6.6]
	at org.springframework.security.web.header.HeaderWriterFilter.doFilterInternal(HeaderWriterFilter.java:75) ~[spring-security-web-5.6.6.jar:5.6.6]
	at org.springframework.web.filter.OncePerRequestFilter.doFilter(OncePerRequestFilter.java:117) ~[spring-web-5.3.22.jar:5.3.22]
	at org.springframework.security.web.FilterChainProxy$VirtualFilterChain.doFilter(FilterChainProxy.java:336) ~[spring-security-web-5.6.6.jar:5.6.6]
	at org.springframework.security.web.context.SecurityContextPersistenceFilter.doFilter(SecurityContextPersistenceFilter.java:110) ~[spring-security-web-5.6.6.jar:5.6.6]
	at org.springframework.security.web.context.SecurityContextPersistenceFilter.doFilter(SecurityContextPersistenceFilter.java:80) ~[spring-security-web-5.6.6.jar:5.6.6]
	at org.springframework.security.web.FilterChainProxy$VirtualFilterChain.doFilter(FilterChainProxy.java:336) ~[spring-security-web-5.6.6.jar:5.6.6]
	at org.springframework.security.web.context.request.async.WebAsyncManagerIntegrationFilter.doFilterInternal(WebAsyncManagerIntegrationFilter.java:55) ~[spring-security-web-5.6.6.jar:5.6.6]
	at org.springframework.web.filter.OncePerRequestFilter.doFilter(OncePerRequestFilter.java:117) ~[spring-web-5.3.22.jar:5.3.22]
	at org.springframework.security.web.FilterChainProxy$VirtualFilterChain.doFilter(FilterChainProxy.java:336) ~[spring-security-web-5.6.6.jar:5.6.6]
	at org.springframework.security.web.FilterChainProxy.doFilterInternal(FilterChainProxy.java:211) ~[spring-security-web-5.6.6.jar:5.6.6]
	at org.springframework.security.web.FilterChainProxy.doFilter(FilterChainProxy.java:183) ~[spring-security-web-5.6.6.jar:5.6.6]
	at org.springframework.web.filter.DelegatingFilterProxy.invokeDelegate(DelegatingFilterProxy.java:354) ~[spring-web-5.3.22.jar:5.3.22]
	at org.springframework.web.filter.DelegatingFilterProxy.doFilter(DelegatingFilterProxy.java:267) ~[spring-web-5.3.22.jar:5.3.22]
	at org.apache.catalina.core.ApplicationFilterChain.internalDoFilter(ApplicationFilterChain.java:189) ~[tomcat-embed-core-9.0.65.jar:9.0.65]
	at org.apache.catalina.core.ApplicationFilterChain.doFilter(ApplicationFilterChain.java:162) ~[tomcat-embed-core-9.0.65.jar:9.0.65]
	at org.springframework.web.filter.RequestContextFilter.doFilterInternal(RequestContextFilter.java:100) ~[spring-web-5.3.22.jar:5.3.22]
	at org.springframework.web.filter.OncePerRequestFilter.doFilter(OncePerRequestFilter.java:117) ~[spring-web-5.3.22.jar:5.3.22]
	at org.apache.catalina.core.ApplicationFilterChain.internalDoFilter(ApplicationFilterChain.java:189) ~[tomcat-embed-core-9.0.65.jar:9.0.65]
	at org.apache.catalina.core.ApplicationFilterChain.doFilter(ApplicationFilterChain.java:162) ~[tomcat-embed-core-9.0.65.jar:9.0.65]
	at org.springframework.web.filter.FormContentFilter.doFilterInternal(FormContentFilter.java:93) ~[spring-web-5.3.22.jar:5.3.22]
	at org.springframework.web.filter.OncePerRequestFilter.doFilter(OncePerRequestFilter.java:117) ~[spring-web-5.3.22.jar:5.3.22]
	at org.apache.catalina.core.ApplicationFilterChain.internalDoFilter(ApplicationFilterChain.java:189) ~[tomcat-embed-core-9.0.65.jar:9.0.65]
	at org.apache.catalina.core.ApplicationFilterChain.doFilter(ApplicationFilterChain.java:162) ~[tomcat-embed-core-9.0.65.jar:9.0.65]
	at org.springframework.boot.actuate.metrics.web.servlet.WebMvcMetricsFilter.doFilterInternal(WebMvcMetricsFilter.java:96) ~[spring-boot-actuator-2.6.10.jar:2.6.10]
	at org.springframework.web.filter.OncePerRequestFilter.doFilter(OncePerRequestFilter.java:117) ~[spring-web-5.3.22.jar:5.3.22]
	at org.apache.catalina.core.ApplicationFilterChain.internalDoFilter(ApplicationFilterChain.java:189) ~[tomcat-embed-core-9.0.65.jar:9.0.65]
	at org.apache.catalina.core.ApplicationFilterChain.doFilter(ApplicationFilterChain.java:162) ~[tomcat-embed-core-9.0.65.jar:9.0.65]
	at org.springframework.web.filter.CharacterEncodingFilter.doFilterInternal(CharacterEncodingFilter.java:201) ~[spring-web-5.3.22.jar:5.3.22]
	at org.springframework.web.filter.OncePerRequestFilter.doFilter(OncePerRequestFilter.java:117) ~[spring-web-5.3.22.jar:5.3.22]
	at org.apache.catalina.core.ApplicationFilterChain.internalDoFilter(ApplicationFilterChain.java:189) ~[tomcat-embed-core-9.0.65.jar:9.0.65]
	at org.apache.catalina.core.ApplicationFilterChain.doFilter(ApplicationFilterChain.java:162) ~[tomcat-embed-core-9.0.65.jar:9.0.65]
	at org.apache.catalina.core.StandardWrapperValve.invoke(StandardWrapperValve.java:197) ~[tomcat-embed-core-9.0.65.jar:9.0.65]
	at org.apache.catalina.core.StandardContextValve.invoke(StandardContextValve.java:97) [tomcat-embed-core-9.0.65.jar:9.0.65]
	at org.apache.catalina.authenticator.AuthenticatorBase.invoke(AuthenticatorBase.java:541) [tomcat-embed-core-9.0.65.jar:9.0.65]
	at org.apache.catalina.core.StandardHostValve.invoke(StandardHostValve.java:135) [tomcat-embed-core-9.0.65.jar:9.0.65]
	at org.apache.catalina.valves.ErrorReportValve.invoke(ErrorReportValve.java:92) [tomcat-embed-core-9.0.65.jar:9.0.65]
	at org.apache.catalina.core.StandardEngineValve.invoke(StandardEngineValve.java:78) [tomcat-embed-core-9.0.65.jar:9.0.65]
	at org.apache.catalina.connector.CoyoteAdapter.service(CoyoteAdapter.java:360) [tomcat-embed-core-9.0.65.jar:9.0.65]
	at org.apache.coyote.http11.Http11Processor.service(Http11Processor.java:399) [tomcat-embed-core-9.0.65.jar:9.0.65]
	at org.apache.coyote.AbstractProcessorLight.process(AbstractProcessorLight.java:65) [tomcat-embed-core-9.0.65.jar:9.0.65]
	at org.apache.coyote.AbstractProtocol$ConnectionHandler.process(AbstractProtocol.java:890) [tomcat-embed-core-9.0.65.jar:9.0.65]
	at org.apache.tomcat.util.net.NioEndpoint$SocketProcessor.doRun(NioEndpoint.java:1789) [tomcat-embed-core-9.0.65.jar:9.0.65]
	at org.apache.tomcat.util.net.SocketProcessorBase.run(SocketProcessorBase.java:49) [tomcat-embed-core-9.0.65.jar:9.0.65]
	at org.apache.tomcat.util.threads.ThreadPoolExecutor.runWorker(ThreadPoolExecutor.java:1191) [tomcat-embed-core-9.0.65.jar:9.0.65]
	at org.apache.tomcat.util.threads.ThreadPoolExecutor$Worker.run(ThreadPoolExecutor.java:659) [tomcat-embed-core-9.0.65.jar:9.0.65]
	at org.apache.tomcat.util.threads.TaskThread$WrappingRunnable.run(TaskThread.java:61) [tomcat-embed-core-9.0.65.jar:9.0.65]
	at java.lang.Thread.run(Thread.java:745) [na:1.8.0_74]

2022-10-17 17:23:18.072  INFO 43864 --- [SpringApplicationShutdownHook] j.LocalContainerEntityManagerFactoryBean : Closing JPA EntityManagerFactory for persistence unit 'default'
2022-10-17 17:23:18.073  INFO 43864 --- [SpringApplicationShutdownHook] .SchemaDropperImpl$DelayedDropActionImpl : HHH000477: Starting delayed evictData of schema as part of SessionFactory shut-down'
2022-10-17 17:23:18.080  INFO 43864 --- [SpringApplicationShutdownHook] com.zaxxer.hikari.HikariDataSource       : HikariPool-1 - Shutdown initiated...
2022-10-17 17:23:18.082  INFO 43864 --- [SpringApplicationShutdownHook] com.zaxxer.hikari.HikariDataSource       : HikariPool-1 - Shutdown completed.
2022-10-17 17:23:33.841  INFO 9220 --- [main] com.starwar.api.StarwarapiApplication    : Starting StarwarapiApplication using Java 1.8.0_74 on DVCGNH6112478 with PID 9220 (C:\TestProjects\starwarapi\target\classes started by SCHUNDAW in C:\TestProjects\starwarapi)
2022-10-17 17:23:33.844  INFO 9220 --- [main] com.starwar.api.StarwarapiApplication    : No active profile set, falling back to 1 default profile: "default"
2022-10-17 17:23:34.576  INFO 9220 --- [main] i.g.r.utils.RxJava2OnClasspathCondition  : RxJava2 related Aspect extensions are not activated, because RxJava2 is not on the classpath.
2022-10-17 17:23:34.578  INFO 9220 --- [main] i.g.r.utils.ReactorOnClasspathCondition  : Reactor related Aspect extensions are not activated because Reactor is not on the classpath.
2022-10-17 17:23:34.592  INFO 9220 --- [main] i.g.r.utils.RxJava2OnClasspathCondition  : RxJava2 related Aspect extensions are not activated, because RxJava2 is not on the classpath.
2022-10-17 17:23:34.593  INFO 9220 --- [main] i.g.r.utils.ReactorOnClasspathCondition  : Reactor related Aspect extensions are not activated because Reactor is not on the classpath.
2022-10-17 17:23:34.613  INFO 9220 --- [main] i.g.r.utils.RxJava2OnClasspathCondition  : RxJava2 related Aspect extensions are not activated, because RxJava2 is not on the classpath.
2022-10-17 17:23:34.613  INFO 9220 --- [main] i.g.r.utils.ReactorOnClasspathCondition  : Reactor related Aspect extensions are not activated because Reactor is not on the classpath.
2022-10-17 17:23:34.625  INFO 9220 --- [main] i.g.r.utils.RxJava2OnClasspathCondition  : RxJava2 related Aspect extensions are not activated, because RxJava2 is not on the classpath.
2022-10-17 17:23:34.626  INFO 9220 --- [main] i.g.r.utils.ReactorOnClasspathCondition  : Reactor related Aspect extensions are not activated because Reactor is not on the classpath.
2022-10-17 17:23:34.637  INFO 9220 --- [main] i.g.r.utils.RxJava2OnClasspathCondition  : RxJava2 related Aspect extensions are not activated, because RxJava2 is not on the classpath.
2022-10-17 17:23:34.638  INFO 9220 --- [main] i.g.r.utils.ReactorOnClasspathCondition  : Reactor related Aspect extensions are not activated because Reactor is not on the classpath.
2022-10-17 17:23:34.647  INFO 9220 --- [main] i.g.r.utils.RxJava2OnClasspathCondition  : RxJava2 related Aspect extensions are not activated, because RxJava2 is not on the classpath.
2022-10-17 17:23:34.647  INFO 9220 --- [main] i.g.r.utils.ReactorOnClasspathCondition  : Reactor related Aspect extensions are not activated because Reactor is not on the classpath.
2022-10-17 17:23:34.772  INFO 9220 --- [main] .s.d.r.c.RepositoryConfigurationDelegate : Bootstrapping Spring Data JPA repositories in DEFAULT mode.
2022-10-17 17:23:34.887  INFO 9220 --- [main] .s.d.r.c.RepositoryConfigurationDelegate : Finished Spring Data repository scanning in 104 ms. Found 3 JPA repository interfaces.
2022-10-17 17:23:35.968  INFO 9220 --- [main] o.s.b.w.embedded.tomcat.TomcatWebServer  : Tomcat initialized with port(s): 8086 (http)
2022-10-17 17:23:35.979  INFO 9220 --- [main] o.apache.catalina.core.StandardService   : Starting service [Tomcat]
2022-10-17 17:23:35.979  INFO 9220 --- [main] org.apache.catalina.core.StandardEngine  : Starting Servlet engine: [Apache Tomcat/9.0.65]
2022-10-17 17:23:36.148  INFO 9220 --- [main] o.a.c.c.C.[Tomcat].[localhost].[/]       : Initializing Spring embedded WebApplicationContext
2022-10-17 17:23:36.149  INFO 9220 --- [main] w.s.c.ServletWebServerApplicationContext : Root WebApplicationContext: initialization completed in 2243 ms
2022-10-17 17:23:36.258  WARN 9220 --- [main] JpaBaseConfiguration$JpaWebConfiguration : spring.jpa.open-in-view is enabled by default. Therefore, database queries may be performed during view rendering. Explicitly configure spring.jpa.open-in-view to disable this warning
2022-10-17 17:23:36.428  INFO 9220 --- [main] com.zaxxer.hikari.HikariDataSource       : HikariPool-1 - Starting...
2022-10-17 17:23:36.675  INFO 9220 --- [main] com.zaxxer.hikari.HikariDataSource       : HikariPool-1 - Start completed.
2022-10-17 17:23:36.764  INFO 9220 --- [main] o.hibernate.jpa.internal.util.LogHelper  : HHH000204: Processing PersistenceUnitInfo [name: default]
2022-10-17 17:23:36.872  INFO 9220 --- [main] org.hibernate.Version                    : HHH000412: Hibernate ORM core version 5.6.10.Final
2022-10-17 17:23:37.142  INFO 9220 --- [main] o.hibernate.annotations.common.Version   : HCANN000001: Hibernate Commons Annotations {5.1.2.Final}
2022-10-17 17:23:37.312  INFO 9220 --- [main] org.hibernate.dialect.Dialect            : HHH000400: Using dialect: org.hibernate.dialect.H2Dialect
2022-10-17 17:23:38.162  INFO 9220 --- [main] o.h.e.t.j.p.i.JtaPlatformInitiator       : HHH000490: Using JtaPlatform implementation: [org.hibernate.engine.transaction.jta.platform.internal.NoJtaPlatform]
2022-10-17 17:23:38.173  INFO 9220 --- [main] j.LocalContainerEntityManagerFactoryBean : Initialized JPA EntityManagerFactory for persistence unit 'default'
2022-10-17 17:23:38.481  INFO 9220 --- [main] o.s.b.a.h2.H2ConsoleAutoConfiguration    : H2 console available at '/h2-console'. Database available at 'jdbc:h2:mem:starwar'
2022-10-17 17:23:38.562  INFO 9220 --- [main] o.s.boot.web.servlet.RegistrationBean    : Servlet webServlet was not registered (possibly already registered?)
2022-10-17 17:23:39.615  INFO 9220 --- [main] o.s.s.web.DefaultSecurityFilterChain     : Will secure any request with [org.springframework.security.web.context.request.async.WebAsyncManagerIntegrationFilter@17180a5, org.springframework.security.web.context.SecurityContextPersistenceFilter@1c9468, org.springframework.security.web.header.HeaderWriterFilter@2cd42c, org.springframework.security.web.authentication.logout.LogoutFilter@12ddcca, com.starwar.api.security.JwtTokenFilter@dcf059, org.springframework.security.web.savedrequest.RequestCacheAwareFilter@544e6b, org.springframework.security.web.servletapi.SecurityContextHolderAwareRequestFilter@1dd9203, org.springframework.security.web.authentication.AnonymousAuthenticationFilter@1028e45, org.springframework.security.web.session.SessionManagementFilter@60b107, org.springframework.security.web.access.ExceptionTranslationFilter@38a074, org.springframework.security.web.access.intercept.FilterSecurityInterceptor@10381f0]
2022-10-17 17:23:40.664  INFO 9220 --- [main] o.s.b.a.e.web.EndpointLinksResolver      : Exposing 1 endpoint(s) beneath base path '/actuator'
2022-10-17 17:23:40.762  INFO 9220 --- [main] o.s.b.w.embedded.tomcat.TomcatWebServer  : Tomcat started on port(s): 8086 (http) with context path ''
2022-10-17 17:23:40.786  INFO 9220 --- [main] com.starwar.api.StarwarapiApplication    : Started StarwarapiApplication in 7.459 seconds (JVM running for 8.008)
2022-10-17 17:23:46.276  INFO 9220 --- [http-nio-8086-exec-1] o.a.c.c.C.[Tomcat].[localhost].[/]       : Initializing Spring DispatcherServlet 'dispatcherServlet'
2022-10-17 17:23:46.277  INFO 9220 --- [http-nio-8086-exec-1] o.s.web.servlet.DispatcherServlet        : Initializing Servlet 'dispatcherServlet'
2022-10-17 17:23:46.279  INFO 9220 --- [http-nio-8086-exec-1] o.s.web.servlet.DispatcherServlet        : Completed initialization in 2 ms
2022-10-17 17:29:38.924  INFO 9220 --- [SpringApplicationShutdownHook] j.LocalContainerEntityManagerFactoryBean : Closing JPA EntityManagerFactory for persistence unit 'default'
2022-10-17 17:29:38.926  INFO 9220 --- [SpringApplicationShutdownHook] .SchemaDropperImpl$DelayedDropActionImpl : HHH000477: Starting delayed evictData of schema as part of SessionFactory shut-down'
2022-10-17 17:29:38.937  INFO 9220 --- [SpringApplicationShutdownHook] com.zaxxer.hikari.HikariDataSource       : HikariPool-1 - Shutdown initiated...
2022-10-17 17:29:38.943  INFO 9220 --- [SpringApplicationShutdownHook] com.zaxxer.hikari.HikariDataSource       : HikariPool-1 - Shutdown completed.
